<?xml version="1.0" encoding="UTF-8"?>
<testsuite xmlns:xsi="http://www.w3.org/2001/XMLSchema-instance" xsi:noNamespaceSchemaLocation="https://maven.apache.org/surefire/maven-surefire-plugin/xsd/surefire-test-report.xsd" name="com.bertoni.test.procesors.GameProcesorTest" time="0.02" tests="25" errors="0" skipped="0" failures="0">
  <properties>
    <property name="java.specification.version" value="14"/>
    <property name="sun.jnu.encoding" value="UTF-8"/>
    <property name="java.class.path" value="/Users/jcabrera/Desktop/personal/mpage/desafios/aleccs/bertoni/target/test-classes:/Users/jcabrera/Desktop/personal/mpage/desafios/aleccs/bertoni/target/classes:/Users/jcabrera/.m2/repository/org/apache/commons/commons-lang3/3.10/commons-lang3-3.10.jar:/Users/jcabrera/.m2/repository/log4j/log4j/1.2.17/log4j-1.2.17.jar:/Users/jcabrera/.m2/repository/org/junit/jupiter/junit-jupiter-api/5.4.2/junit-jupiter-api-5.4.2.jar:/Users/jcabrera/.m2/repository/org/apiguardian/apiguardian-api/1.0.0/apiguardian-api-1.0.0.jar:/Users/jcabrera/.m2/repository/org/opentest4j/opentest4j/1.1.1/opentest4j-1.1.1.jar:/Users/jcabrera/.m2/repository/org/junit/platform/junit-platform-commons/1.4.2/junit-platform-commons-1.4.2.jar:/Users/jcabrera/.m2/repository/org/mockito/mockito-junit-jupiter/2.28.2/mockito-junit-jupiter-2.28.2.jar:/Users/jcabrera/.m2/repository/org/mockito/mockito-core/2.28.2/mockito-core-2.28.2.jar:/Users/jcabrera/.m2/repository/net/bytebuddy/byte-buddy/1.9.10/byte-buddy-1.9.10.jar:/Users/jcabrera/.m2/repository/net/bytebuddy/byte-buddy-agent/1.9.10/byte-buddy-agent-1.9.10.jar:/Users/jcabrera/.m2/repository/org/objenesis/objenesis/2.6/objenesis-2.6.jar:/Users/jcabrera/.m2/repository/org/junit/jupiter/junit-jupiter-engine/5.4.2/junit-jupiter-engine-5.4.2.jar:/Users/jcabrera/.m2/repository/org/junit/platform/junit-platform-engine/1.4.2/junit-platform-engine-1.4.2.jar:"/>
    <property name="java.vm.vendor" value="Oracle Corporation"/>
    <property name="sun.arch.data.model" value="64"/>
    <property name="java.vendor.url" value="https://openjdk.java.net/"/>
    <property name="os.name" value="Mac OS X"/>
    <property name="java.vm.specification.version" value="14"/>
    <property name="sun.java.launcher" value="SUN_STANDARD"/>
    <property name="user.country" value="PE"/>
    <property name="sun.boot.library.path" value="/usr/local/Cellar/openjdk/14.0.1/libexec/openjdk.jdk/Contents/Home/lib"/>
    <property name="sun.java.command" value="/Users/jcabrera/Desktop/personal/mpage/desafios/aleccs/bertoni/target/surefire/surefirebooter2337586262142344255.jar /Users/jcabrera/Desktop/personal/mpage/desafios/aleccs/bertoni/target/surefire 2020-09-25T19-14-29_555-jvmRun1 surefire16310952497805280965tmp surefire_016172799679406441120tmp"/>
    <property name="http.nonProxyHosts" value="local|*.local|169.254/16|*.169.254/16"/>
    <property name="jdk.debug" value="release"/>
    <property name="surefire.test.class.path" value="/Users/jcabrera/Desktop/personal/mpage/desafios/aleccs/bertoni/target/test-classes:/Users/jcabrera/Desktop/personal/mpage/desafios/aleccs/bertoni/target/classes:/Users/jcabrera/.m2/repository/org/apache/commons/commons-lang3/3.10/commons-lang3-3.10.jar:/Users/jcabrera/.m2/repository/log4j/log4j/1.2.17/log4j-1.2.17.jar:/Users/jcabrera/.m2/repository/org/junit/jupiter/junit-jupiter-api/5.4.2/junit-jupiter-api-5.4.2.jar:/Users/jcabrera/.m2/repository/org/apiguardian/apiguardian-api/1.0.0/apiguardian-api-1.0.0.jar:/Users/jcabrera/.m2/repository/org/opentest4j/opentest4j/1.1.1/opentest4j-1.1.1.jar:/Users/jcabrera/.m2/repository/org/junit/platform/junit-platform-commons/1.4.2/junit-platform-commons-1.4.2.jar:/Users/jcabrera/.m2/repository/org/mockito/mockito-junit-jupiter/2.28.2/mockito-junit-jupiter-2.28.2.jar:/Users/jcabrera/.m2/repository/org/mockito/mockito-core/2.28.2/mockito-core-2.28.2.jar:/Users/jcabrera/.m2/repository/net/bytebuddy/byte-buddy/1.9.10/byte-buddy-1.9.10.jar:/Users/jcabrera/.m2/repository/net/bytebuddy/byte-buddy-agent/1.9.10/byte-buddy-agent-1.9.10.jar:/Users/jcabrera/.m2/repository/org/objenesis/objenesis/2.6/objenesis-2.6.jar:/Users/jcabrera/.m2/repository/org/junit/jupiter/junit-jupiter-engine/5.4.2/junit-jupiter-engine-5.4.2.jar:/Users/jcabrera/.m2/repository/org/junit/platform/junit-platform-engine/1.4.2/junit-platform-engine-1.4.2.jar:"/>
    <property name="sun.cpu.endian" value="little"/>
    <property name="user.home" value="/Users/jcabrera"/>
    <property name="user.language" value="en"/>
    <property name="java.specification.vendor" value="Oracle Corporation"/>
    <property name="java.version.date" value="2020-04-14"/>
    <property name="java.home" value="/usr/local/Cellar/openjdk/14.0.1/libexec/openjdk.jdk/Contents/Home"/>
    <property name="file.separator" value="/"/>
    <property name="basedir" value="/Users/jcabrera/Desktop/personal/mpage/desafios/aleccs/bertoni"/>
    <property name="java.vm.compressedOopsMode" value="Zero based"/>
    <property name="line.separator" value="&#10;"/>
    <property name="java.specification.name" value="Java Platform API Specification"/>
    <property name="java.vm.specification.vendor" value="Oracle Corporation"/>
    <property name="surefire.real.class.path" value="/Users/jcabrera/Desktop/personal/mpage/desafios/aleccs/bertoni/target/surefire/surefirebooter2337586262142344255.jar"/>
    <property name="sun.management.compiler" value="HotSpot 64-Bit Tiered Compilers"/>
    <property name="ftp.nonProxyHosts" value="local|*.local|169.254/16|*.169.254/16"/>
    <property name="java.runtime.version" value="14.0.1+14"/>
    <property name="user.name" value="jcabrera"/>
    <property name="path.separator" value=":"/>
    <property name="os.version" value="10.15.6"/>
    <property name="java.runtime.name" value="OpenJDK Runtime Environment"/>
    <property name="file.encoding" value="UTF-8"/>
    <property name="java.vm.name" value="OpenJDK 64-Bit Server VM"/>
    <property name="localRepository" value="/Users/jcabrera/.m2/repository"/>
    <property name="java.vendor.url.bug" value="https://bugreport.java.com/bugreport/"/>
    <property name="java.io.tmpdir" value="/var/folders/fq/wkhrf2dn62scm3rt4rh7g8lw0000gn/T/"/>
    <property name="java.version" value="14.0.1"/>
    <property name="user.dir" value="/Users/jcabrera/Desktop/personal/mpage/desafios/aleccs/bertoni"/>
    <property name="os.arch" value="x86_64"/>
    <property name="java.vm.specification.name" value="Java Virtual Machine Specification"/>
    <property name="java.library.path" value="/Users/jcabrera/Library/Java/Extensions:/Library/Java/Extensions:/Network/Library/Java/Extensions:/System/Library/Java/Extensions:/usr/lib/java:."/>
    <property name="java.vm.info" value="mixed mode, sharing"/>
    <property name="java.vendor" value="N/A"/>
    <property name="java.vm.version" value="14.0.1+14"/>
    <property name="sun.io.unicode.encoding" value="UnicodeBig"/>
    <property name="socksNonProxyHosts" value="local|*.local|169.254/16|*.169.254/16"/>
    <property name="java.class.version" value="58.0"/>
  </properties>
  <testcase name="testHand5ShouldWinTwo" classname="com.bertoni.test.procesors.GameProcesorTest" time="0.004"/>
  <testcase name="testHand4ShouldWinTwo" classname="com.bertoni.test.procesors.GameProcesorTest" time="0"/>
  <testcase name="testShouldRecognizeNotRoyalFlush_DiffNums" classname="com.bertoni.test.procesors.GameProcesorTest" time="0"/>
  <testcase name="testShouldRecognizeNotRoyalFlush_DiffSuit" classname="com.bertoni.test.procesors.GameProcesorTest" time="0.001"/>
  <testcase name="testShouldRecognizeFourKind" classname="com.bertoni.test.procesors.GameProcesorTest" time="0"/>
  <testcase name="shouldAlsoReturnHighCard" classname="com.bertoni.test.procesors.GameProcesorTest" time="0"/>
  <testcase name="testHand3ShouldWinTwo" classname="com.bertoni.test.procesors.GameProcesorTest" time="0.001"/>
  <testcase name="testShouldNotTRecognizeFourKind_DiffValue" classname="com.bertoni.test.procesors.GameProcesorTest" time="0"/>
  <testcase name="testHand2ShouldWinOne" classname="com.bertoni.test.procesors.GameProcesorTest" time="0.001"/>
  <testcase name="shouldRecognizeTripple" classname="com.bertoni.test.procesors.GameProcesorTest" time="0.001"/>
  <testcase name="testShouldRecognizeNotStraightFlush_DiffNums" classname="com.bertoni.test.procesors.GameProcesorTest" time="0"/>
  <testcase name="testShouldRecognizeNotStraightFlush_DiffSuit" classname="com.bertoni.test.procesors.GameProcesorTest" time="0.001"/>
  <testcase name="testShouldNotTRecognizeFourKind_FiveEqualsValues" classname="com.bertoni.test.procesors.GameProcesorTest" time="0"/>
  <testcase name="shouldRecognizeTwoPair" classname="com.bertoni.test.procesors.GameProcesorTest" time="0.001"/>
  <testcase name="testHand1ShouldTWinTwo" classname="com.bertoni.test.procesors.GameProcesorTest" time="0"/>
  <testcase name="testShouldTightRoyalFlush" classname="com.bertoni.test.procesors.GameProcesorTest" time="0"/>
  <testcase name="shouldRecognizeStraight" classname="com.bertoni.test.procesors.GameProcesorTest" time="0.001"/>
  <testcase name="shouldReturnHighCard" classname="com.bertoni.test.procesors.GameProcesorTest" time="0"/>
  <testcase name="testShouldRecognizeRoyalFlush" classname="com.bertoni.test.procesors.GameProcesorTest" time="0.001"/>
  <testcase name="shouldRecognizeFullHouse" classname="com.bertoni.test.procesors.GameProcesorTest" time="0"/>
  <testcase name="shouldNotRecognizeStraight" classname="com.bertoni.test.procesors.GameProcesorTest" time="0.001"/>
  <testcase name="shouldNotRecognizeFlush" classname="com.bertoni.test.procesors.GameProcesorTest" time="0"/>
  <testcase name="testShouldRecognizeStraightFlush" classname="com.bertoni.test.procesors.GameProcesorTest" time="0"/>
  <testcase name="shouldRecognizeAPair" classname="com.bertoni.test.procesors.GameProcesorTest" time="0"/>
  <testcase name="shouldRecognizeFlush" classname="com.bertoni.test.procesors.GameProcesorTest" time="0"/>
</testsuite>